#
# There is insufficient memory for the Java Runtime Environment to continue.
# Native memory allocation (mmap) failed to map 134217728 bytes for Failed to commit area from 0x0000000081c00000 to 0x0000000089c00000 of length 134217728.
# Possible reasons:
#   The system is out of physical RAM or swap space
#   The process is running with CompressedOops enabled, and the Java Heap may be blocking the growth of the native heap
# Possible solutions:
#   Reduce memory load on the system
#   Increase physical memory or swap space
#   Check if swap backing store is full
#   Decrease Java heap size (-Xmx/-Xms)
#   Decrease number of Java threads
#   Decrease Java thread stack sizes (-Xss)
#   Set larger code cache with -XX:ReservedCodeCacheSize=
# This output file may be truncated or incomplete.
#
#  Out of Memory Error (./src/hotspot/os/windows/os_windows.cpp:3521), pid=716, tid=13200
#
# JRE version:  (11.0.12+7) (build )
# Java VM: OpenJDK 64-Bit Server VM (11.0.12+7-b1504.28-7817840, mixed mode, sharing, tiered, compressed oops, g1 gc, windows-amd64)
# No core dump will be written. Minidumps are not enabled by default on client versions of Windows
#

---------------  S U M M A R Y ------------

Command Line: org.jetbrains.kotlin.cli.jvm.K2JVMCompiler @C:\Android Projects\RecipeCreatorApp\app\build\20220714_17619246873934728098.compiler.options

Host: Intel(R) Core(TM) i5-9300H CPU @ 2.40GHz, 8 cores, 7G,  Windows 10 , 64 bit Build 22000 (10.0.22000.708)
Time: Thu Jul 14 11:49:13 2022 India Standard Time elapsed time: 0.011010 seconds (0d 0h 0m 0s)

---------------  T H R E A D  ---------------

Current thread (0x0000028866074000):  JavaThread "Unknown thread" [_thread_in_vm, id=13200, stack(0x000000ef1eb00000,0x000000ef1ec00000)]

Stack: [0x000000ef1eb00000,0x000000ef1ec00000]
Native frames: (J=compiled Java code, j=interpreted, Vv=VM code, C=native code)
V  [jvm.dll+0x5fbcea]
V  [jvm.dll+0x731905]
V  [jvm.dll+0x732f1d]
V  [jvm.dll+0x7335d3]
V  [jvm.dll+0x247bf8]
V  [jvm.dll+0x5f90b4]
V  [jvm.dll+0x5edc85]
V  [jvm.dll+0x305aeb]
V  [jvm.dll+0x305a5a]
V  [jvm.dll+0x305932]
V  [jvm.dll+0x30a896]
V  [jvm.dll+0x353803]
V  [jvm.dll+0x353f06]
V  [jvm.dll+0x353903]
V  [jvm.dll+0x2e0678]
V  [jvm.dll+0x2e1827]
V  [jvm.dll+0x710037]
V  [jvm.dll+0x71182c]
V  [jvm.dll+0x360da9]
V  [jvm.dll+0x6f390e]
V  [jvm.dll+0x3c9723]
V  [jvm.dll+0x3cb9b1]
C  [jli.dll+0x536b]
C  [ucrtbase.dll+0x26c0c]
C  [KERNEL32.DLL+0x154e0]
C  [ntdll.dll+0x485b]


---------------  P R O C E S S  ---------------

Threads class SMR info:
_java_thread_list=0x0000028863f082d0, length=0, elements={
}

Java Threads: ( => current thread )

Other Threads:
  0x000002886608b800 GCTaskThread "GC Thread#0" [stack: 0x000000ef1ec00000,0x000000ef1ed00000] [id=8880]
  0x00000288660c2800 ConcurrentGCThread "G1 Main Marker" [stack: 0x000000ef1ed00000,0x000000ef1ee00000] [id=2300]
  0x00000288660c3800 ConcurrentGCThread "G1 Conc#0" [stack: 0x000000ef1ee00000,0x000000ef1ef00000] [id=17564]

[error occurred during error reporting (printing all threads), id 0xc0000005, EXCEPTION_ACCESS_VIOLATION (0xc0000005) at pc=0x00007ff9e6a00be7]

VM state:not at safepoint (not fully initialized)

VM Mutex/Monitor currently owned by a thread:  ([mutex/lock_event])
[0x0000028866070630] Heap_lock - owner thread: 0x0000028866074000

Heap address: 0x0000000081c00000, size: 2020 MB, Compressed Oops mode: Non-zero based: 0x0000000081c00000
Narrow klass base: 0x0000000000000000, Narrow klass shift: 0

GC Heap History (0 events):
No events

Deoptimization events (0 events):
No events

Classes redefined (0 events):
No events

Internal exceptions (0 events):
No events

Events (1 events):
Event: 0.007 Loaded shared library C:\Users\Dark Knight\Desktop\Android Studio\Android Studio2\jre\bin\zip.dll


Dynamic libraries:
0x00007ff729060000 - 0x00007ff72906a000 	C:\Users\Dark Knight\Desktop\Android Studio\Android Studio2\jre\bin\java.exe
0x00007ffa5f9c0000 - 0x00007ffa5fbc9000 	C:\WINDOWS\SYSTEM32\ntdll.dll
0x00007ffa5ee00000 - 0x00007ffa5eebd000 	C:\WINDOWS\System32\KERNEL32.DLL
0x00007ffa5d3b0000 - 0x00007ffa5d729000 	C:\WINDOWS\System32\KERNELBASE.dll
0x00007ffa5d730000 - 0x00007ffa5d841000 	C:\WINDOWS\System32\ucrtbase.dll
0x00007ffa59330000 - 0x00007ffa59349000 	C:\Users\Dark Knight\Desktop\Android Studio\Android Studio2\jre\bin\jli.dll
0x00007ffa3fa30000 - 0x00007ffa3fa47000 	C:\Users\Dark Knight\Desktop\Android Studio\Android Studio2\jre\bin\VCRUNTIME140.dll
0x00007ffa5dad0000 - 0x00007ffa5dc7c000 	C:\WINDOWS\System32\USER32.dll
0x00007ffa5d210000 - 0x00007ffa5d236000 	C:\WINDOWS\System32\win32u.dll
0x00007ffa5f5f0000 - 0x00007ffa5f619000 	C:\WINDOWS\System32\GDI32.dll
0x00007ffa441b0000 - 0x00007ffa44455000 	C:\WINDOWS\WinSxS\amd64_microsoft.windows.common-controls_6595b64144ccf1df_6.0.22000.120_none_9d947278b86cc467\COMCTL32.dll
0x00007ffa5cfd0000 - 0x00007ffa5d0e2000 	C:\WINDOWS\System32\gdi32full.dll
0x00007ffa5e9d0000 - 0x00007ffa5ea73000 	C:\WINDOWS\System32\msvcrt.dll
0x00007ffa5d0f0000 - 0x00007ffa5d18d000 	C:\WINDOWS\System32\msvcp_win.dll
0x00007ffa5f6d0000 - 0x00007ffa5f701000 	C:\WINDOWS\System32\IMM32.DLL
0x00007ffa29160000 - 0x00007ffa291fd000 	C:\Users\Dark Knight\Desktop\Android Studio\Android Studio2\jre\bin\msvcp140.dll
0x00007ff9e6710000 - 0x00007ff9e71f5000 	C:\Users\Dark Knight\Desktop\Android Studio\Android Studio2\jre\bin\server\jvm.dll
0x00007ffa5f620000 - 0x00007ffa5f6ce000 	C:\WINDOWS\System32\ADVAPI32.dll
0x00007ffa5ea80000 - 0x00007ffa5eb1e000 	C:\WINDOWS\System32\sechost.dll
0x00007ffa5eed0000 - 0x00007ffa5eff0000 	C:\WINDOWS\System32\RPCRT4.dll
0x00007ffa5f780000 - 0x00007ffa5f788000 	C:\WINDOWS\System32\PSAPI.DLL
0x00007ffa56cf0000 - 0x00007ffa56d23000 	C:\WINDOWS\SYSTEM32\WINMM.dll
0x00007ffa46a50000 - 0x00007ffa46a59000 	C:\WINDOWS\SYSTEM32\WSOCK32.dll
0x00007ffa55e40000 - 0x00007ffa55e4a000 	C:\WINDOWS\SYSTEM32\VERSION.dll
0x00007ffa5f710000 - 0x00007ffa5f77f000 	C:\WINDOWS\System32\WS2_32.dll
0x00007ffa5c090000 - 0x00007ffa5c0a8000 	C:\WINDOWS\SYSTEM32\kernel.appcore.dll
0x00007ffa3fa90000 - 0x00007ffa3faa1000 	C:\Users\Dark Knight\Desktop\Android Studio\Android Studio2\jre\bin\verify.dll
0x00007ffa5aa30000 - 0x00007ffa5ac51000 	C:\WINDOWS\SYSTEM32\DBGHELP.DLL
0x00007ffa38870000 - 0x00007ffa388a1000 	C:\WINDOWS\SYSTEM32\dbgcore.DLL
0x00007ffa5d190000 - 0x00007ffa5d20f000 	C:\WINDOWS\System32\bcryptPrimitives.dll
0x00007ffa3f9d0000 - 0x00007ffa3f9f9000 	C:\Users\Dark Knight\Desktop\Android Studio\Android Studio2\jre\bin\java.dll
0x00007ffa59300000 - 0x00007ffa5930b000 	C:\Users\Dark Knight\Desktop\Android Studio\Android Studio2\jre\bin\jimage.dll
0x00007ffa3fa70000 - 0x00007ffa3fa88000 	C:\Users\Dark Knight\Desktop\Android Studio\Android Studio2\jre\bin\zip.dll

dbghelp: loaded successfully - version: 4.0.5 - missing functions: none
symbol engine: initialized successfully - sym options: 0x614 - pdb path: .;C:\Users\Dark Knight\Desktop\Android Studio\Android Studio2\jre\bin;C:\WINDOWS\SYSTEM32;C:\WINDOWS\WinSxS\amd64_microsoft.windows.common-controls_6595b64144ccf1df_6.0.22000.120_none_9d947278b86cc467;C:\Users\Dark Knight\Desktop\Android Studio\Android Studio2\jre\bin\server

VM Arguments:
java_command: org.jetbrains.kotlin.cli.jvm.K2JVMCompiler @C:\Android Projects\RecipeCreatorApp\app\build\20220714_17619246873934728098.compiler.options
java_class_path (initial): C:\Users\Dark Knight\.gradle\caches\modules-2\files-2.1\org.jetbrains.kotlin\kotlin-compiler-embeddable\1.7.10\909803167c98606fcf22b4c848647c68e351d48d\kotlin-compiler-embeddable-1.7.10.jar;C:\Users\Dark Knight\.gradle\caches\modules-2\files-2.1\org.jetbrains.kotlin\kotlin-reflect\1.7.10\165e600dfea6185cf5efa700756294cc4904dbeb\kotlin-reflect-1.7.10.jar;C:\Users\Dark Knight\.gradle\caches\modules-2\files-2.1\org.jetbrains.kotlin\kotlin-stdlib\1.7.10\d2abf9e77736acc4450dc4a3f707fa2c10f5099d\kotlin-stdlib-1.7.10.jar;C:\Users\Dark Knight\.gradle\caches\modules-2\files-2.1\org.jetbrains.kotlin\kotlin-script-runtime\1.7.10\c99c87a6988d8fd8d5142e9ed5c9f34a7cf561ee\kotlin-script-runtime-1.7.10.jar;C:\Users\Dark Knight\.gradle\caches\modules-2\files-2.1\org.jetbrains.kotlin\kotlin-daemon-embeddable\1.7.10\3a9f7aef7080d3ae63126cbba4f827ed664f32fa\kotlin-daemon-embeddable-1.7.10.jar;C:\Users\Dark Knight\.gradle\caches\modules-2\files-2.1\org.jetbrains.intellij.deps\trove4j\1.0.20200330\3afb14d5f9ceb459d724e907a21145e8ff394f02\trove4j-1.0.20200330.jar;C:\Users\Dark Knight\.gradle\caches\modules-2\files-2.1\net.java.dev.jna\jna\5.6.0\330f2244e9030119ab3030fc3fededc86713d9cc\jna-5.6.0.jar;C:\Users\Dark Knight\.gradle\caches\modules-2\files-2.1\org.jetbrains.kotlin\kotlin-stdlib-common\1.7.10\bac80c520d0a9e3f3673bc2658c6ed02ef45a76a\kotlin-stdlib-common-1.7.10.jar;C:\Users\Dark Knight\.gradle\caches\modules-2\files-2.1\org.jetbrains\annotations\13.0\919f0dfe192fb4e063e7dacadee7f8bb9a2672a9\annotations-13.0.jar
Launcher Type: SUN_STANDARD

[Global flags]
     intx CICompilerCount                          = 4                                         {product} {ergonomic}
     uint ConcGCThreads                            = 2                                         {product} {ergonomic}
     uint G1ConcRefinementThreads                  = 8                                         {product} {ergonomic}
   size_t G1HeapRegionSize                         = 1048576                                   {product} {ergonomic}
    uintx GCDrainStackTargetSize                   = 64                                        {product} {ergonomic}
   size_t InitialHeapSize                          = 134217728                                 {product} {ergonomic}
   size_t MarkStackSize                            = 4194304                                   {product} {ergonomic}
   size_t MaxHeapSize                              = 2118123520                                {product} {ergonomic}
   size_t MinHeapDeltaBytes                        = 1048576                                   {product} {ergonomic}
    uintx NonNMethodCodeHeapSize                   = 5836300                                {pd product} {ergonomic}
    uintx NonProfiledCodeHeapSize                  = 122910970                              {pd product} {ergonomic}
    uintx ProfiledCodeHeapSize                     = 122910970                              {pd product} {ergonomic}
    uintx ReservedCodeCacheSize                    = 251658240                              {pd product} {ergonomic}
     bool SegmentedCodeCache                       = true                                      {product} {ergonomic}
     bool UseCompressedClassPointers               = true                                 {lp64_product} {ergonomic}
     bool UseCompressedOops                        = true                                 {lp64_product} {ergonomic}
     bool UseG1GC                                  = true                                      {product} {ergonomic}
     bool UseLargePagesIndividualAllocation        = false                                  {pd product} {ergonomic}

Logging:
Log output configuration:
 #0: stdout all=warning uptime,level,tags
 #1: stderr all=off uptime,level,tags

Environment Variables:
PATH=C:\Windows\system32;C:\Windows;C:\Windows\System32\Wbem;C:\Windows\System32\WindowsPowerShell\v1.0\;C:\Windows\System32\OpenSSH\;C:\Program Files (x86)\NVIDIA Corporation\PhysX\Common;C:\Program Files\NVIDIA Corporation\NVIDIA NvDLISR;C:\WINDOWS\system32;C:\WINDOWS;C:\WINDOWS\System32\Wbem;C:\WINDOWS\System32\WindowsPowerShell\v1.0\;C:\WINDOWS\System32\OpenSSH\;C:\MinGW\bin;C:\Program Files\MEGA-X;C:\WINDOWS\system32;C:\WINDOWS;C:\WINDOWS\System32\Wbem;C:\WINDOWS\System32\WindowsPowerShell\v1.0\;C:\WINDOWS\System32\OpenSSH\;C:\Program Files\Git\cmd;C:\Users\Dark Knight\AppData\Local\Microsoft\WindowsApps;C:\Users\Dark Knight\AppData\Local\atom\bin;C:\MinGW\bin;C:\Program Files (x86)\Microsoft Visual Studio\2019\BuildTools\MSBuild\Current\Bin;C:\Users\Dark Knight\AppData\Local\Microsoft\WindowsApps;C:\MinGW\bin
USERNAME=Dark Knight
OS=Windows_NT
PROCESSOR_IDENTIFIER=Intel64 Family 6 Model 158 Stepping 10, GenuineIntel



---------------  S Y S T E M  ---------------

OS: Windows 10 , 64 bit Build 22000 (10.0.22000.708)
OS uptime: 0 days 2:40 hours

CPU:total 8 (initial active 8) (4 cores per cpu, 2 threads per core) family 6 model 158 stepping 10 microcode 0xde, cmov, cx8, fxsr, mmx, sse, sse2, sse3, ssse3, sse4.1, sse4.2, popcnt, avx, avx2, aes, clmul, erms, 3dnowpref, lzcnt, ht, tsc, tscinvbit, bmi1, bmi2, adx, fma

Memory: 4k page, system-wide physical 8072M (980M free)
TotalPageFile size 12168M (AvailPageFile size 59M)
current process WorkingSet (physical memory assigned to process): 10M, peak: 10M
current process commit charge ("private bytes"): 60M, peak: 188M

vm_info: OpenJDK 64-Bit Server VM (11.0.12+7-b1504.28-7817840) for windows-amd64 JRE (11.0.12+7-b1504.28-7817840), built on Oct 13 2021 22:12:33 by "builder" with MS VC++ 14.0 (VS2015)

END.
